[0.489s] Invoking command in '/home/mane/ros2_ws/src/build/my_robot_controller': PYTHONPATH=/home/mane/ros2_ws/src/build/my_robot_controller/prefix_override:/usr/lib/python3/dist-packages/colcon_core/task/python/colcon_distutils_commands:/home/mane/ros2_ws/src/install/my_robot_controller/lib/python3.10/site-packages:${PYTHONPATH} /usr/bin/python3 -W ignore:setup.py install is deprecated setup.py develop --editable --build-directory /home/mane/ros2_ws/src/build/my_robot_controller/build --no-deps symlink_data
[0.732s] running develop
[0.732s] /usr/lib/python3/dist-packages/setuptools/command/easy_install.py:158: EasyInstallDeprecationWarning: easy_install command is deprecated. Use build and pip and other standards-based tools.
[0.732s]   warnings.warn(
[0.812s] running egg_info
[0.812s] creating my_robot_controller.egg-info
[0.812s] writing my_robot_controller.egg-info/PKG-INFO
[0.812s] writing dependency_links to my_robot_controller.egg-info/dependency_links.txt
[0.812s] writing entry points to my_robot_controller.egg-info/entry_points.txt
[0.812s] writing requirements to my_robot_controller.egg-info/requires.txt
[0.812s] writing top-level names to my_robot_controller.egg-info/top_level.txt
[0.812s] writing manifest file 'my_robot_controller.egg-info/SOURCES.txt'
[0.813s] reading manifest file 'my_robot_controller.egg-info/SOURCES.txt'
[0.813s] writing manifest file 'my_robot_controller.egg-info/SOURCES.txt'
[0.814s] running build_ext
[0.814s] Creating /home/mane/ros2_ws/src/install/my_robot_controller/lib/python3.10/site-packages/my-robot-controller.egg-link (link to .)
[0.814s] Installing draw_circle script to /home/mane/ros2_ws/src/install/my_robot_controller/lib/my_robot_controller
[0.814s] Installing pose_subscriber script to /home/mane/ros2_ws/src/install/my_robot_controller/lib/my_robot_controller
[0.814s] Installing test_node script to /home/mane/ros2_ws/src/install/my_robot_controller/lib/my_robot_controller
[0.815s] 
[0.815s] Installed /home/mane/ros2_ws/src/build/my_robot_controller
[0.815s] running symlink_data
[0.815s] creating /home/mane/ros2_ws/src/install/my_robot_controller/share/ament_index
[0.815s] creating /home/mane/ros2_ws/src/install/my_robot_controller/share/ament_index/resource_index
[0.815s] creating /home/mane/ros2_ws/src/install/my_robot_controller/share/ament_index/resource_index/packages
[0.815s] symbolically linking /home/mane/ros2_ws/src/build/my_robot_controller/resource/my_robot_controller -> /home/mane/ros2_ws/src/install/my_robot_controller/share/ament_index/resource_index/packages
[0.815s] symbolically linking /home/mane/ros2_ws/src/build/my_robot_controller/package.xml -> /home/mane/ros2_ws/src/install/my_robot_controller/share/my_robot_controller
[0.829s] Invoked command in '/home/mane/ros2_ws/src/build/my_robot_controller' returned '0': PYTHONPATH=/home/mane/ros2_ws/src/build/my_robot_controller/prefix_override:/usr/lib/python3/dist-packages/colcon_core/task/python/colcon_distutils_commands:/home/mane/ros2_ws/src/install/my_robot_controller/lib/python3.10/site-packages:${PYTHONPATH} /usr/bin/python3 -W ignore:setup.py install is deprecated setup.py develop --editable --build-directory /home/mane/ros2_ws/src/build/my_robot_controller/build --no-deps symlink_data
